[2026-06-09 16:19:06] Starting KEDA deployment...
[2026-06-09 16:19:06] Phase 1: Enabling User Workload Monitoring
[2026-06-09 16:19:07] Waiting for user workload monitoring to be ready...
[2026-06-09 16:19:37] Waiting for pods with label app.kubernetes.io/name=prometheus in namespace openshift-user-workload-monitoring...
[2026-06-09 16:19:38] Pods with label app.kubernetes.io/name=prometheus are ready
[2026-06-09 16:19:38] Phase 2: Installing Custom Metrics Autoscaler Operator
[2026-06-09 16:19:42] Waiting for subscription openshift-custom-metrics-autoscaler-operator in namespace openshift-keda...
[2026-06-09 16:19:43] Subscription openshift-custom-metrics-autoscaler-operator is ready (CSV: custom-metrics-autoscaler.v2.18.1-2)
[2026-06-09 16:19:43] Waiting for all CSVs in namespace openshift-keda to reach Succeeded phase...
[2026-06-09 16:19:44] All CSVs in openshift-keda are ready
[2026-06-09 16:19:44] Installing KedaController...
[2026-06-09 16:20:05] Waiting for pods with label app=keda-operator in namespace openshift-keda...
[2026-06-09 16:20:06] Pods with label app=keda-operator are ready
[2026-06-09 16:20:06] Phase 3: Deploying Test Application
[2026-06-09 16:20:11] Waiting for test application to be ready...
[2026-06-09 16:20:11] Waiting for pods with label app=testapp in namespace testapp-keda...
[2026-06-09 16:20:11] Pods with label app=testapp are ready
[2026-06-09 16:20:11] Phase 4: Configuring KEDA Scaling
[2026-06-09 16:20:11] Creating service account token for Prometheus authentication...
[2026-06-09 16:20:17] Waiting for KEDA to initialize scaling...
[2026-06-09 16:20:47] ============================================
[2026-06-09 16:20:47] KEDA Deployment Complete!
[2026-06-09 16:20:47] ============================================
[2026-06-09 16:20:47] Application URL: http://testapp-testapp-keda.apps.cluster-cfqwx.cfqwx.sandbox2005.opentlc.com
[2026-06-09 16:20:47] 
[2026-06-09 16:20:47] To test autoscaling:
[2026-06-09 16:20:48]   1. Generate load: while true; do curl http://testapp-testapp-keda.apps.cluster-cfqwx.cfqwx.sandbox2005.opentlc.com/ping; sleep 0.1; done
[2026-06-09 16:20:48]   2. Watch pods scale: oc get pods -n testapp-keda -w
[2026-06-09 16:20:48]   3. Check HPA: oc get hpa -n testapp-keda
[2026-06-09 16:20:48]   4. View ScaledObject status: oc get scaledobject -n testapp-keda
[2026-06-09 16:20:48] 
[2026-06-09 16:20:48] View metrics:
[2026-06-09 16:20:48]   oc exec -n openshift-user-workload-monitoring prometheus-user-workload-0 -- promtool query instant http://localhost:9090 'ping_request_count{namespace="testapp-keda"}'
[2026-06-09 16:20:48] ============================================
