[2026-06-09 16:03:21] Starting KEDA deployment...
[2026-06-09 16:03:21] Phase 1: Enabling User Workload Monitoring
[2026-06-09 16:03:23] Waiting for user workload monitoring to be ready...
[2026-06-09 16:03:53] Waiting for pods with label app.kubernetes.io/name=prometheus in namespace openshift-user-workload-monitoring...
[2026-06-09 16:03:53] Pods with label app.kubernetes.io/name=prometheus are ready
[2026-06-09 16:03:54] Phase 2: Installing Custom Metrics Autoscaler Operator
[2026-06-09 16:03:57] Waiting for subscription openshift-custom-metrics-autoscaler-operator in namespace openshift-keda...
[2026-06-09 16:03:58] Subscription openshift-custom-metrics-autoscaler-operator is ready (CSV: custom-metrics-autoscaler.v2.18.1-2)
[2026-06-09 16:03:58] Waiting for all CSVs in namespace openshift-keda to reach Succeeded phase...
[2026-06-09 16:03:59] All CSVs in openshift-keda are ready
[2026-06-09 16:03:59] Installing KedaController...
[2026-06-09 16:04:20] Waiting for pods with label app=keda-operator in namespace openshift-keda...
[2026-06-09 16:04:21] Pods with label app=keda-operator are ready
[2026-06-09 16:04:21] Phase 3: Deploying Test Application
[2026-06-09 16:04:27] Waiting for test application to be ready...
[2026-06-09 16:04:27] Waiting for pods with label app=testapp in namespace testapp-keda...
[2026-06-09 16:04:27] Pods with label app=testapp are ready
[2026-06-09 16:04:27] Phase 4: Configuring KEDA Scaling
[2026-06-09 16:04:27] Creating service account token for Prometheus authentication...
[2026-06-09 16:04:32] Waiting for KEDA to initialize scaling...
[2026-06-09 16:05:03] ============================================
[2026-06-09 16:05:03] KEDA Deployment Complete!
[2026-06-09 16:05:03] ============================================
[2026-06-09 16:05:03] Application URL: https://testapp-testapp-keda.apps.cluster-cfqwx.cfqwx.sandbox2005.opentlc.com
[2026-06-09 16:05:03] 
[2026-06-09 16:05:03] To test autoscaling:
[2026-06-09 16:05:03]   1. Generate load: while true; do curl -k https://testapp-testapp-keda.apps.cluster-cfqwx.cfqwx.sandbox2005.opentlc.com/ping; sleep 0.1; done
[2026-06-09 16:05:03]   2. Watch pods scale: oc get pods -n testapp-keda -w
[2026-06-09 16:05:03]   3. Check HPA: oc get hpa -n testapp-keda
[2026-06-09 16:05:03]   4. View ScaledObject status: oc get scaledobject -n testapp-keda
[2026-06-09 16:05:03] 
[2026-06-09 16:05:03] View metrics:
[2026-06-09 16:05:03]   oc exec -n openshift-user-workload-monitoring prometheus-user-workload-0 -- promtool query instant http://localhost:9090 'ping_request_count{namespace="testapp-keda"}'
[2026-06-09 16:05:03] ============================================
