[2026-06-11 11:21:51] Starting KEDA deployment...
[2026-06-11 11:21:51] Phase 1: Enabling User Workload Monitoring
[2026-06-11 11:21:52] Waiting for user workload monitoring to be ready...
[2026-06-11 11:22:22] Waiting for pods with label app.kubernetes.io/name=prometheus in namespace openshift-user-workload-monitoring...
[2026-06-11 11:22:23] Pods with label app.kubernetes.io/name=prometheus are ready
[2026-06-11 11:22:23] Phase 2: Installing Custom Metrics Autoscaler Operator
[2026-06-11 11:22:26] Waiting for subscription openshift-custom-metrics-autoscaler-operator in namespace openshift-keda...
[2026-06-11 11:23:20] Subscription openshift-custom-metrics-autoscaler-operator is ready (CSV: custom-metrics-autoscaler.v2.18.1-2)
[2026-06-11 11:23:20] Waiting for all CSVs in namespace openshift-keda to reach Succeeded phase...
[2026-06-11 11:23:21] All CSVs in openshift-keda are ready
[2026-06-11 11:23:21] Installing KedaController...
[2026-06-11 11:23:45] Waiting for pods with label app=keda-operator in namespace openshift-keda...
[2026-06-11 11:23:46] Pods with label app=keda-operator are ready
[2026-06-11 11:23:46] Phase 3: Deploying Test Application
[2026-06-11 11:23:50] Waiting for test application to be ready...
[2026-06-11 11:23:50] Waiting for pods with label app=testapp in namespace testapp-keda...
[2026-06-11 11:24:02] Pods with label app=testapp are ready
[2026-06-11 11:24:02] Phase 4: Configuring KEDA Scaling
[2026-06-11 11:24:02] Creating service account and RBAC for Prometheus authentication...
[2026-06-11 11:24:06] Waiting for KEDA to initialize scaling...
[2026-06-11 11:24:37] ============================================
[2026-06-11 11:24:37] KEDA Deployment Complete!
[2026-06-11 11:24:37] ============================================
[2026-06-11 11:24:37] Application URL: http://testapp-testapp-keda.apps.cluster-cjgjh.cjgjh.sandbox3581.opentlc.com/ping
[2026-06-11 11:24:37] 
[2026-06-11 11:24:37] To test autoscaling:
[2026-06-11 11:24:37]   1. Generate load: while true; do curl http://testapp-testapp-keda.apps.cluster-cjgjh.cjgjh.sandbox3581.opentlc.com/ping; sleep 0.1; done
[2026-06-11 11:24:37]   2. Watch pods scale: oc get pods -n testapp-keda -w
[2026-06-11 11:24:37]   3. Check HPA: oc get hpa -n testapp-keda
[2026-06-11 11:24:37]   4. View ScaledObject status: oc get scaledobject -n testapp-keda
[2026-06-11 11:24:37] 
[2026-06-11 11:24:37] View metrics:
[2026-06-11 11:24:37]   oc exec -n openshift-user-workload-monitoring prometheus-user-workload-0 -- promtool query instant http://localhost:9090 'ping_request_count{namespace="testapp-keda"}'
[2026-06-11 11:24:37] ============================================
